#
# There is insufficient memory for the Java Runtime Environment to continue.
# Native memory allocation (mmap) failed to map 268435456 bytes for G1 virtual space
# Possible reasons:
#   The system is out of physical RAM or swap space
#   The process is running with CompressedOops enabled, and the Java Heap may be blocking the growth of the native heap
# Possible solutions:
#   Reduce memory load on the system
#   Increase physical memory or swap space
#   Check if swap backing store is full
#   Decrease Java heap size (-Xmx/-Xms)
#   Decrease number of Java threads
#   Decrease Java thread stack sizes (-Xss)
#   Set larger code cache with -XX:ReservedCodeCacheSize=
#   JVM is running with Zero Based Compressed Oops mode in which the Java heap is
#     placed in the first 32GB address space. The Java Heap base address is the
#     maximum limit for the native heap growth. Please use -XX:HeapBaseMinAddress
#     to set the Java Heap base and to place the Java Heap above 32GB virtual address.
# This output file may be truncated or incomplete.
#
#  Out of Memory Error (os_windows.cpp:3527), pid=12932, tid=3696
#
# JRE version:  (19.0.1+10) (build )
# Java VM: OpenJDK 64-Bit Server VM (19.0.1+10-21, mixed mode, sharing, tiered, compressed oops, compressed class ptrs, g1 gc, windows-amd64)
# No core dump will be written. Minidumps are not enabled by default on client versions of Windows
#

---------------  S U M M A R Y ------------

Command Line: Viewer.Frame

Host: Intel(R) Core(TM) i7-4600U CPU @ 2.10GHz, 4 cores, 15G,  Windows 10 , 64 bit Build 19041 (10.0.19041.2364)
Time: Wed Dec 28 21:44:35 2022 Arab Standard Time elapsed time: 0.011709 seconds (0d 0h 0m 0s)

---------------  T H R E A D  ---------------

Current thread (0x000001f5f16ae570):  JavaThread "Unknown thread" [_thread_in_vm, id=3696, stack(0x000000cb3f000000,0x000000cb3f100000)]

Stack: [0x000000cb3f000000,0x000000cb3f100000]
Native frames: (J=compiled Java code, j=interpreted, Vv=VM code, C=native code)
V  [jvm.dll+0x6ee8fa]
V  [jvm.dll+0x857a1e]
V  [jvm.dll+0x85940e]
V  [jvm.dll+0x859ac3]
V  [jvm.dll+0x28291f]
V  [jvm.dll+0x6eb6e9]
V  [jvm.dll+0x6e028a]
V  [jvm.dll+0x357136]
V  [jvm.dll+0x35eb96]
V  [jvm.dll+0x3b555e]
V  [jvm.dll+0x3b578f]
V  [jvm.dll+0x32c6ea]
V  [jvm.dll+0x32d59e]
V  [jvm.dll+0x821b20]
V  [jvm.dll+0x3c27c1]
V  [jvm.dll+0x8022f1]
V  [jvm.dll+0x44b30f]
V  [jvm.dll+0x44cc91]
C  [jli.dll+0x5287]
C  [ucrtbase.dll+0x21bb2]
C  [KERNEL32.DLL+0x17614]
C  [ntdll.dll+0x526a1]


---------------  P R O C E S S  ---------------

Threads class SMR info:
_java_thread_list=0x00007ffad07dd048, length=0, elements={
}

Java Threads: ( => current thread )

Other Threads:
  0x000001f5f171f8d0 WorkerThread "GC Thread#0" [stack: 0x000000cb3f100000,0x000000cb3f200000] [id=8572]
  0x000001f5f1732870 ConcurrentGCThread "G1 Main Marker" [stack: 0x000000cb3f200000,0x000000cb3f300000] [id=908]
  0x000001f5f1734a50 WorkerThread "G1 Conc#0" [stack: 0x000000cb3f300000,0x000000cb3f400000] [id=3160]

[error occurred during error reporting (printing all threads), id 0xc0000005, EXCEPTION_ACCESS_VIOLATION (0xc0000005) at pc=0x00007ffacff9d127]

VM state: not at safepoint (not fully initialized)

VM Mutex/Monitor currently owned by a thread:  ([mutex/lock_event])
[0x000001f5f16acc80] Heap_lock - owner thread: 0x000001f5f16ae570

Heap address: 0x0000000701600000, size: 4074 MB, Compressed Oops mode: Zero based, Oop shift amount: 3

CDS archive(s) mapped at: [0x0000000000000000-0x0000000000000000-0x0000000000000000), size 0, SharedBaseAddress: 0x0000000800000000, ArchiveRelocationMode: 0.
Narrow klass base: 0x0000000000000000, Narrow klass shift: 0, Narrow klass range: 0x0

GC Precious Log:
 CardTable entry size: 512
 Card Set container configuration: InlinePtr #cards 4 size 8 Array Of Cards #cards 16 size 48 Howl #buckets 8 coarsen threshold 3686 Howl Bitmap #cards 512 size 80 coarsen threshold 460 Card regions per heap region 1 cards per card region 4096

Heap:
 garbage-first heap   total 0K, used 0K [0x0000000701600000, 0x0000000800000000)
  region size 2048K, 0 young (0K), 0 survivors (0K)

[error occurred during error reporting (printing heap information), id 0xc0000005, EXCEPTION_ACCESS_VIOLATION (0xc0000005) at pc=0x00007ffad03a6959]

GC Heap History (0 events):
No events

Dll operation events (1 events):
Event: 0.006 Loaded shared library C:\Users\moham\.jdks\openjdk-19.0.1\bin\java.dll

Deoptimization events (0 events):
No events

Classes loaded (0 events):
No events

Classes unloaded (0 events):
No events

Classes redefined (0 events):
No events

Internal exceptions (0 events):
No events

VM Operations (0 events):
No events

Events (0 events):
No events


Dynamic libraries:
0x00007ff727e60000 - 0x00007ff727e6e000 	C:\Users\moham\.jdks\openjdk-19.0.1\bin\java.exe
0x00007ffb27830000 - 0x00007ffb27a28000 	C:\WINDOWS\SYSTEM32\ntdll.dll
0x00007ffb25870000 - 0x00007ffb2592f000 	C:\WINDOWS\System32\KERNEL32.DLL
0x00007ffb25300000 - 0x00007ffb255d2000 	C:\WINDOWS\System32\KERNELBASE.dll
0x00007ffb250a0000 - 0x00007ffb251a0000 	C:\WINDOWS\System32\ucrtbase.dll
0x00007ffb1eb80000 - 0x00007ffb1eb97000 	C:\Users\moham\.jdks\openjdk-19.0.1\bin\jli.dll
0x00007ffb1e7f0000 - 0x00007ffb1e80b000 	C:\Users\moham\.jdks\openjdk-19.0.1\bin\VCRUNTIME140.dll
0x00007ffb26f60000 - 0x00007ffb27101000 	C:\WINDOWS\System32\USER32.dll
0x00007ffb256a0000 - 0x00007ffb256c2000 	C:\WINDOWS\System32\win32u.dll
0x00007ffb17040000 - 0x00007ffb172da000 	C:\WINDOWS\WinSxS\amd64_microsoft.windows.common-controls_6595b64144ccf1df_6.0.19041.1110_none_60b5254171f9507e\COMCTL32.dll
0x00007ffb267c0000 - 0x00007ffb267eb000 	C:\WINDOWS\System32\GDI32.dll
0x00007ffb27750000 - 0x00007ffb277ee000 	C:\WINDOWS\System32\msvcrt.dll
0x00007ffb256d0000 - 0x00007ffb257df000 	C:\WINDOWS\System32\gdi32full.dll
0x00007ffb24f20000 - 0x00007ffb24fbd000 	C:\WINDOWS\System32\msvcp_win.dll
0x00007ffb26ad0000 - 0x00007ffb26b02000 	C:\WINDOWS\System32\IMM32.DLL
0x00007ffb20a80000 - 0x00007ffb20a8c000 	C:\Users\moham\.jdks\openjdk-19.0.1\bin\vcruntime140_1.dll
0x00007ffb02790000 - 0x00007ffb0281e000 	C:\Users\moham\.jdks\openjdk-19.0.1\bin\msvcp140.dll
0x00007ffacfc60000 - 0x00007ffad0920000 	C:\Users\moham\.jdks\openjdk-19.0.1\bin\server\jvm.dll
0x00007ffb26c70000 - 0x00007ffb26d1e000 	C:\WINDOWS\System32\ADVAPI32.dll
0x00007ffb27170000 - 0x00007ffb2720c000 	C:\WINDOWS\System32\sechost.dll
0x00007ffb25f40000 - 0x00007ffb26065000 	C:\WINDOWS\System32\RPCRT4.dll
0x00007ffb13120000 - 0x00007ffb13129000 	C:\WINDOWS\SYSTEM32\WSOCK32.dll
0x00007ffb27210000 - 0x00007ffb2727b000 	C:\WINDOWS\System32\WS2_32.dll
0x00007ffb17e70000 - 0x00007ffb17e7a000 	C:\WINDOWS\SYSTEM32\VERSION.dll
0x00007ffb173b0000 - 0x00007ffb173d7000 	C:\WINDOWS\SYSTEM32\WINMM.dll
0x00007ffb23730000 - 0x00007ffb23742000 	C:\WINDOWS\SYSTEM32\kernel.appcore.dll
0x00007ffb1e7e0000 - 0x00007ffb1e7ea000 	C:\Users\moham\.jdks\openjdk-19.0.1\bin\jimage.dll
0x00007ffb11680000 - 0x00007ffb11864000 	C:\WINDOWS\SYSTEM32\DBGHELP.DLL
0x00007ffb115f0000 - 0x00007ffb11625000 	C:\WINDOWS\SYSTEM32\dbgcore.DLL
0x00007ffb257e0000 - 0x00007ffb25862000 	C:\WINDOWS\System32\bcryptPrimitives.dll
0x00007ffb16d00000 - 0x00007ffb16d26000 	C:\Users\moham\.jdks\openjdk-19.0.1\bin\java.dll

dbghelp: loaded successfully - version: 4.0.5 - missing functions: none
symbol engine: initialized successfully - sym options: 0x614 - pdb path: .;C:\Users\moham\.jdks\openjdk-19.0.1\bin;C:\WINDOWS\SYSTEM32;C:\WINDOWS\WinSxS\amd64_microsoft.windows.common-controls_6595b64144ccf1df_6.0.19041.1110_none_60b5254171f9507e;C:\Users\moham\.jdks\openjdk-19.0.1\bin\server

VM Arguments:
java_command: Viewer.Frame
java_class_path (initial): D:\Our Projects\InvoiceGeneratorProject\target\classes;C:\Users\moham\.m2\repository\org\openjfx\javafx-controls\19\javafx-controls-19.jar;C:\Users\moham\.m2\repository\org\openjfx\javafx-controls\19\javafx-controls-19-win.jar;C:\Users\moham\.m2\repository\org\openjfx\javafx-graphics\19\javafx-graphics-19.jar;C:\Users\moham\.m2\repository\org\openjfx\javafx-graphics\19\javafx-graphics-19-win.jar;C:\Users\moham\.m2\repository\org\openjfx\javafx-base\19\javafx-base-19.jar;C:\Users\moham\.m2\repository\org\openjfx\javafx-base\19\javafx-base-19-win.jar;C:\Users\moham\.m2\repository\org\openjfx\javafx-fxml\19\javafx-fxml-19.jar;C:\Users\moham\.m2\repository\org\openjfx\javafx-fxml\19\javafx-fxml-19-win.jar;C:\Users\moham\.m2\repository\org\jetbrains\annotations\23.1.0\annotations-23.1.0.jar;C:\Users\moham\.m2\repository\io\netty\netty-codec\4.1.84.Final\netty-codec-4.1.84.Final.jar;C:\Users\moham\.m2\repository\io\netty\netty-common\4.1.84.Final\netty-common-4.1.84.Final.jar;C:\Users\moham\.m2\repository\io\netty\netty-buffer\4.1.84.Final\netty-buffer-4.1.84.Final.jar;C:\Users\moham\.m2\repository\io\netty\netty-transport\4.1.84.Final\netty-transport-4.1.84.Final.jar;C:\Users\moham\.m2\repository\io\netty\netty-resolver\4.1.84.Final\netty-resolver-4.1.84.Final.jar
Launcher Type: SUN_STANDARD

[Global flags]
     intx CICompilerCount                          = 3                                         {product} {ergonomic}
     uint ConcGCThreads                            = 1                                         {product} {ergonomic}
     uint G1ConcRefinementThreads                  = 4                                         {product} {ergonomic}
   size_t G1HeapRegionSize                         = 2097152                                   {product} {ergonomic}
    uintx GCDrainStackTargetSize                   = 64                                        {product} {ergonomic}
   size_t InitialHeapSize                          = 268435456                                 {product} {ergonomic}
   size_t MarkStackSize                            = 4194304                                   {product} {ergonomic}
   size_t MaxHeapSize                              = 4271898624                                {product} {ergonomic}
   size_t MinHeapDeltaBytes                        = 2097152                                   {product} {ergonomic}
   size_t MinHeapSize                              = 8388608                                   {product} {ergonomic}
    uintx NonNMethodCodeHeapSize                   = 5832780                                {pd product} {ergonomic}
    uintx NonProfiledCodeHeapSize                  = 122912730                              {pd product} {ergonomic}
    uintx ProfiledCodeHeapSize                     = 122912730                              {pd product} {ergonomic}
    uintx ReservedCodeCacheSize                    = 251658240                              {pd product} {ergonomic}
     bool SegmentedCodeCache                       = true                                      {product} {ergonomic}
   size_t SoftMaxHeapSize                          = 4271898624                             {manageable} {ergonomic}
     bool UseCompressedClassPointers               = true                           {product lp64_product} {ergonomic}
     bool UseCompressedOops                        = true                           {product lp64_product} {ergonomic}
     bool UseG1GC                                  = true                                      {product} {ergonomic}
     bool UseLargePagesIndividualAllocation        = false                                  {pd product} {ergonomic}

Logging:
Log output configuration:
 #0: stdout all=warning uptime,level,tags foldmultilines=false
 #1: stderr all=off uptime,level,tags foldmultilines=false

Environment Variables:
JAVA_HOME=C:\Program Files\Java\jdk-19
PATH=C:\Program Files\Common Files\Oracle\Java\javapath;C:\Program Files (x86)\Common Files\Oracle\Java\javapath;C:\Python310\Scripts\;C:\Python310\;D:\1-Learning\Oracle\ORG\Oracle\APP\db_home\bin;D:\1-Learning\Oracle\ORG\Oracle\bin;C:\WINDOWS\system32;C:\WINDOWS;C:\WINDOWS\System32\Wbem;C:\WINDOWS\System32\WindowsPowerShell\v1.0\;C:\WINDOWS\System32\OpenSSH\;C:\Program Files (x86)\Microsoft Team Foundation Server 2015 Power Tools\;C:\Program Files\nodejs\;C:\Program Files\Microsoft SQL Server\150\Tools\Binn\;C:\Program Files\Microsoft SQL Server\130\Tools\Binn\;C:\ProgramData\chocolatey\bin;C:\Program Files\Git\cmd;C:\Program Files\Java\jdk-19\bin;C:\Program Files\JetBrains\IntelliJ IDEA Community Edition 2022.3\bin;C:\Program Files\JetBrains\IntelliJ IDEA Community Edition 2022.3\plugins\maven\lib\apache-maven-3.8.6\bin;C:\Program Files\dotnet\;C:\Program Files\Microsoft SQL Server\Client SDK\ODBC\170\Tools\Binn\;C:\Users\moham\AppData\Local\Microsoft\WindowsApps;C:\Program Files\JetBrains\IntelliJ IDEA Community Edition 2021.3\bin;;C:\Users\moham\AppData\Roaming\npm;C:\Users\moham\.dotnet\tools
USERNAME=moham
OS=Windows_NT
PROCESSOR_IDENTIFIER=Intel64 Family 6 Model 69 Stepping 1, GenuineIntel
TMP=C:\Users\moham\AppData\Local\Temp
TEMP=C:\Users\moham\AppData\Local\Temp



---------------  S Y S T E M  ---------------

OS:
 Windows 10 , 64 bit Build 19041 (10.0.19041.2364)
OS uptime: 0 days 4:19 hours
Hyper-V role detected

CPU: total 4 (initial active 4) (2 cores per cpu, 2 threads per core) family 6 model 69 stepping 1 microcode 0x25, cx8, cmov, fxsr, ht, mmx, sse, sse2, sse3, ssse3, sse4.1, sse4.2, popcnt, lzcnt, tsc, tscinvbit, avx, avx2, aes, erms, clmul, bmi1, bmi2, fma, vzeroupper, clflush, hv, rdtscp

Memory: 4k page, system-wide physical 16289M (7150M free)
TotalPageFile size 18337M (AvailPageFile size 179M)
current process WorkingSet (physical memory assigned to process): 11M, peak: 11M
current process commit charge ("private bytes"): 52M, peak: 308M

vm_info: OpenJDK 64-Bit Server VM (19.0.1+10-21) for windows-amd64 JRE (19.0.1+10-21), built on 2022-09-14T12:45:06Z by "mach5one" with MS VC++ 17.1 (VS2022)

END.
